<?xml version="1.0" encoding="UTF-8"?>
<testng-results skipped="0" failed="1" ignored="0" total="5" passed="4">
  <reporter-output>
  </reporter-output>
  <suite name="Suite" duration-ms="1040" started-at="2021-09-07T22:02:04 IST" finished-at="2021-09-07T22:02:05 IST">
    <groups>
      <group name="Functional">
        <method signature="Login.OpenBrowser()[pri:0, instance:com.testPackage.Login@63e2203c]" name="OpenBrowser" class="com.testPackage.Login"/>
        <method signature="Login.SearchProduct()[pri:0, instance:com.testPackage.Login@63e2203c]" name="SearchProduct" class="com.testPackage.Login"/>
      </group> <!-- Functional -->
      <group name="unitTesting">
        <method signature="Login.HomePAge()[pri:0, instance:com.testPackage.Login@63e2203c]" name="HomePAge" class="com.testPackage.Login"/>
      </group> <!-- unitTesting -->
      <group name="Sanity">
        <method signature="Login.HomePAge()[pri:0, instance:com.testPackage.Login@63e2203c]" name="HomePAge" class="com.testPackage.Login"/>
      </group> <!-- Sanity -->
      <group name="Regression">
        <method signature="Login.LoginCredential()[pri:0, instance:com.testPackage.Login@63e2203c]" name="LoginCredential" class="com.testPackage.Login"/>
        <method signature="Login.SearchProduct()[pri:0, instance:com.testPackage.Login@63e2203c]" name="SearchProduct" class="com.testPackage.Login"/>
      </group> <!-- Regression -->
      <group name="Smoke">
        <method signature="Login.LoginPage()[pri:0, instance:com.testPackage.Login@63e2203c]" name="LoginPage" class="com.testPackage.Login"/>
      </group> <!-- Smoke -->
    </groups>
    <test name="Test" duration-ms="1040" started-at="2021-09-07T22:02:04 IST" finished-at="2021-09-07T22:02:05 IST">
      <class name="com.testPackage.Login">
        <test-method status="PASS" signature="HomePAge()[pri:0, instance:com.testPackage.Login@63e2203c]" name="HomePAge" duration-ms="162" started-at="2021-09-07T22:02:05 IST" finished-at="2021-09-07T22:02:05 IST">
          <reporter-output>
          </reporter-output>
        </test-method> <!-- HomePAge -->
        <test-method status="PASS" signature="LoginCredential()[pri:0, instance:com.testPackage.Login@63e2203c]" name="LoginCredential" duration-ms="8" started-at="2021-09-07T22:02:05 IST" finished-at="2021-09-07T22:02:05 IST">
          <reporter-output>
          </reporter-output>
        </test-method> <!-- LoginCredential -->
        <test-method status="PASS" signature="LoginPage()[pri:0, instance:com.testPackage.Login@63e2203c]" name="LoginPage" duration-ms="20" started-at="2021-09-07T22:02:05 IST" finished-at="2021-09-07T22:02:05 IST">
          <reporter-output>
          </reporter-output>
        </test-method> <!-- LoginPage -->
        <test-method status="FAIL" signature="OpenBrowser()[pri:0, instance:com.testPackage.Login@63e2203c]" name="OpenBrowser" duration-ms="67" started-at="2021-09-07T22:02:05 IST" finished-at="2021-09-07T22:02:05 IST">
          <exception class="java.lang.AssertionError">
            <message>
              <![CDATA[expected [A] but found [S]]]>
            </message>
            <full-stacktrace>
              <![CDATA[java.lang.AssertionError: expected [A] but found [S]
at org.testng.Assert.fail(Assert.java:99)
at org.testng.Assert.failNotEquals(Assert.java:1037)
at org.testng.Assert.assertEqualsImpl(Assert.java:140)
at org.testng.Assert.assertEquals(Assert.java:122)
at org.testng.Assert.assertEquals(Assert.java:863)
at org.testng.Assert.assertEquals(Assert.java:873)
at com.testPackage.Login.OpenBrowser(Login.java:22)
at sun.reflect.NativeMethodAccessorImpl.invoke0(Native Method)
at sun.reflect.NativeMethodAccessorImpl.invoke(Unknown Source)
at sun.reflect.DelegatingMethodAccessorImpl.invoke(Unknown Source)
at java.lang.reflect.Method.invoke(Unknown Source)
at org.testng.internal.MethodInvocationHelper.invokeMethod(MethodInvocationHelper.java:133)
at org.testng.internal.TestInvoker.invokeMethod(TestInvoker.java:598)
at org.testng.internal.TestInvoker.invokeTestMethod(TestInvoker.java:173)
at org.testng.internal.MethodRunner.runInSequence(MethodRunner.java:46)
at org.testng.internal.TestInvoker$MethodInvocationAgent.invoke(TestInvoker.java:824)
at org.testng.internal.TestInvoker.invokeTestMethods(TestInvoker.java:146)
at org.testng.internal.TestMethodWorker.invokeTestMethods(TestMethodWorker.java:146)
at org.testng.internal.TestMethodWorker.run(TestMethodWorker.java:128)
at java.util.ArrayList.forEach(Unknown Source)
at org.testng.TestRunner.privateRun(TestRunner.java:794)
at org.testng.TestRunner.run(TestRunner.java:596)
at org.testng.SuiteRunner.runTest(SuiteRunner.java:377)
at org.testng.SuiteRunner.runSequentially(SuiteRunner.java:371)
at org.testng.SuiteRunner.privateRun(SuiteRunner.java:332)
at org.testng.SuiteRunner.run(SuiteRunner.java:276)
at org.testng.SuiteRunnerWorker.runSuite(SuiteRunnerWorker.java:53)
at org.testng.SuiteRunnerWorker.run(SuiteRunnerWorker.java:96)
at org.testng.TestNG.runSuitesSequentially(TestNG.java:1212)
at org.testng.TestNG.runSuitesLocally(TestNG.java:1134)
at org.testng.TestNG.runSuites(TestNG.java:1063)
at org.testng.TestNG.run(TestNG.java:1031)
at org.testng.remote.AbstractRemoteTestNG.run(AbstractRemoteTestNG.java:115)
at org.testng.remote.RemoteTestNG.initAndRun(RemoteTestNG.java:251)
at org.testng.remote.RemoteTestNG.main(RemoteTestNG.java:77)
]]>
            </full-stacktrace>
          </exception> <!-- java.lang.AssertionError -->
          <reporter-output>
          </reporter-output>
        </test-method> <!-- OpenBrowser -->
        <test-method status="PASS" signature="SearchProduct()[pri:0, instance:com.testPackage.Login@63e2203c]" name="SearchProduct" duration-ms="9" started-at="2021-09-07T22:02:05 IST" finished-at="2021-09-07T22:02:05 IST">
          <reporter-output>
          </reporter-output>
        </test-method> <!-- SearchProduct -->
      </class> <!-- com.testPackage.Login -->
    </test> <!-- Test -->
  </suite> <!-- Suite -->
</testng-results>
